2022-07-31 00:04:36 [main] INFO  c.m.i.repository.UserRepositoryTest - Starting UserRepositoryTest using Java 17.0.3 on DESKTOP-KAE53P5 with PID 3652 (started by hatik in E:\__PROJECTS__\Project_IPL\ipl_winning_prediction)
2022-07-31 00:04:36 [main] INFO  c.m.i.repository.UserRepositoryTest - No active profile set, falling back to 1 default profile: "default"
2022-07-31 00:04:40 [main] INFO  c.m.i.repository.UserRepositoryTest - Started UserRepositoryTest in 5.509 seconds (JVM running for 7.472)
2022-07-31 00:06:31 [main] INFO  c.m.i.repository.UserRepositoryTest - Starting UserRepositoryTest using Java 17.0.3 on DESKTOP-KAE53P5 with PID 1132 (started by hatik in E:\__PROJECTS__\Project_IPL\ipl_winning_prediction)
2022-07-31 00:06:31 [main] INFO  c.m.i.repository.UserRepositoryTest - No active profile set, falling back to 1 default profile: "default"
2022-07-31 00:06:37 [main] INFO  c.m.i.repository.UserRepositoryTest - Started UserRepositoryTest in 7.067 seconds (JVM running for 10.315)
2022-07-31 00:08:32 [main] INFO  c.m.i.repository.UserRepositoryTest - Starting UserRepositoryTest using Java 17.0.3 on DESKTOP-KAE53P5 with PID 12588 (started by hatik in E:\__PROJECTS__\Project_IPL\ipl_winning_prediction)
2022-07-31 00:08:32 [main] INFO  c.m.i.repository.UserRepositoryTest - No active profile set, falling back to 1 default profile: "default"
2022-07-31 00:08:36 [main] INFO  c.m.i.repository.UserRepositoryTest - Started UserRepositoryTest in 5.203 seconds (JVM running for 7.097)
2022-07-31 00:09:34 [main] INFO  c.m.i.repository.UserRepositoryTest - Starting UserRepositoryTest using Java 17.0.3 on DESKTOP-KAE53P5 with PID 15320 (started by hatik in E:\__PROJECTS__\Project_IPL\ipl_winning_prediction)
2022-07-31 00:09:34 [main] INFO  c.m.i.repository.UserRepositoryTest - No active profile set, falling back to 1 default profile: "default"
2022-07-31 00:09:38 [main] INFO  c.m.i.repository.UserRepositoryTest - Started UserRepositoryTest in 5.073 seconds (JVM running for 7.112)
2022-07-31 00:24:16 [main] INFO  c.m.i.repository.UserRepositoryTest - Starting UserRepositoryTest using Java 17.0.3 on DESKTOP-KAE53P5 with PID 15232 (started by hatik in E:\__PROJECTS__\Project_IPL\ipl_winning_prediction)
2022-07-31 00:24:16 [main] INFO  c.m.i.repository.UserRepositoryTest - No active profile set, falling back to 1 default profile: "default"
2022-07-31 00:24:21 [main] INFO  c.m.i.repository.UserRepositoryTest - Started UserRepositoryTest in 5.407 seconds (JVM running for 7.563)
2022-07-31 00:27:36 [main] INFO  c.m.i.repository.UserRepositoryTest - Starting UserRepositoryTest using Java 17.0.3 on DESKTOP-KAE53P5 with PID 1472 (started by hatik in E:\__PROJECTS__\Project_IPL\ipl_winning_prediction)
2022-07-31 00:27:36 [main] INFO  c.m.i.repository.UserRepositoryTest - No active profile set, falling back to 1 default profile: "default"
2022-07-31 00:27:41 [main] INFO  c.m.i.repository.UserRepositoryTest - Started UserRepositoryTest in 5.335 seconds (JVM running for 7.307)
2022-07-31 00:29:17 [main] INFO  c.m.i.repository.UserRepositoryTest - Starting UserRepositoryTest using Java 17.0.3 on DESKTOP-KAE53P5 with PID 19656 (started by hatik in E:\__PROJECTS__\Project_IPL\ipl_winning_prediction)
2022-07-31 00:29:17 [main] INFO  c.m.i.repository.UserRepositoryTest - No active profile set, falling back to 1 default profile: "default"
2022-07-31 00:29:22 [main] INFO  c.m.i.repository.UserRepositoryTest - Started UserRepositoryTest in 5.084 seconds (JVM running for 6.96)
2022-07-31 00:45:43 [main] INFO  c.m.i.repository.UserRepositoryTest - Starting UserRepositoryTest using Java 17.0.3 on DESKTOP-KAE53P5 with PID 13884 (started by hatik in E:\__PROJECTS__\Project_IPL\ipl_winning_prediction)
2022-07-31 00:45:43 [main] INFO  c.m.i.repository.UserRepositoryTest - No active profile set, falling back to 1 default profile: "default"
2022-07-31 00:45:49 [main] INFO  c.m.i.repository.UserRepositoryTest - Started UserRepositoryTest in 6.721 seconds (JVM running for 9.338)
2022-07-31 00:50:35 [main] INFO  c.m.i.repository.UserRepositoryTest - Starting UserRepositoryTest using Java 17.0.3 on DESKTOP-KAE53P5 with PID 14468 (started by hatik in E:\__PROJECTS__\Project_IPL\ipl_winning_prediction)
2022-07-31 00:50:35 [main] INFO  c.m.i.repository.UserRepositoryTest - No active profile set, falling back to 1 default profile: "default"
2022-07-31 00:50:40 [main] INFO  c.m.i.repository.UserRepositoryTest - Started UserRepositoryTest in 6.12 seconds (JVM running for 8.45)
2022-07-31 00:52:27 [main] INFO  c.m.i.repository.UserRepositoryTest - Starting UserRepositoryTest using Java 17.0.3 on DESKTOP-KAE53P5 with PID 5328 (started by hatik in E:\__PROJECTS__\Project_IPL\ipl_winning_prediction)
2022-07-31 00:52:27 [main] INFO  c.m.i.repository.UserRepositoryTest - No active profile set, falling back to 1 default profile: "default"
2022-07-31 00:52:32 [main] INFO  c.m.i.repository.UserRepositoryTest - Started UserRepositoryTest in 5.211 seconds (JVM running for 7.187)
2022-07-31 00:58:12 [main] INFO  c.m.i.repository.UserRepositoryTest - Starting UserRepositoryTest using Java 17.0.3 on DESKTOP-KAE53P5 with PID 20520 (started by hatik in E:\__PROJECTS__\Project_IPL\ipl_winning_prediction)
2022-07-31 00:58:12 [main] INFO  c.m.i.repository.UserRepositoryTest - No active profile set, falling back to 1 default profile: "default"
2022-07-31 00:58:17 [main] INFO  c.m.i.repository.UserRepositoryTest - Started UserRepositoryTest in 5.122 seconds (JVM running for 7.088)
2022-07-31 01:20:59 [main] INFO  c.m.i.repository.UserRepositoryTest - Starting UserRepositoryTest using Java 17.0.3 on DESKTOP-KAE53P5 with PID 18456 (started by hatik in E:\__PROJECTS__\Project_IPL\ipl_winning_prediction)
2022-07-31 01:20:59 [main] INFO  c.m.i.repository.UserRepositoryTest - No active profile set, falling back to 1 default profile: "default"
2022-07-31 01:21:03 [main] INFO  c.m.i.repository.UserRepositoryTest - Started UserRepositoryTest in 5.474 seconds (JVM running for 7.402)
2022-07-31 01:22:45 [main] INFO  c.m.i.repository.UserRepositoryTest - Starting UserRepositoryTest using Java 17.0.3 on DESKTOP-KAE53P5 with PID 2768 (started by hatik in E:\__PROJECTS__\Project_IPL\ipl_winning_prediction)
2022-07-31 01:22:45 [main] INFO  c.m.i.repository.UserRepositoryTest - No active profile set, falling back to 1 default profile: "default"
2022-07-31 01:22:50 [main] INFO  c.m.i.repository.UserRepositoryTest - Started UserRepositoryTest in 5.303 seconds (JVM running for 7.214)
2022-07-31 01:23:35 [restartedMain] INFO  c.m.i.IplWinningPredictionApplication - Starting IplWinningPredictionApplication using Java 17.0.3 on DESKTOP-KAE53P5 with PID 13356 (E:\__PROJECTS__\Project_IPL\ipl_winning_prediction\target\classes started by hatik in E:\__PROJECTS__\Project_IPL\ipl_winning_prediction)
2022-07-31 01:23:35 [restartedMain] INFO  c.m.i.IplWinningPredictionApplication - No active profile set, falling back to 1 default profile: "default"
2022-07-31 01:23:45 [restartedMain] INFO  c.m.i.IplWinningPredictionApplication - Started IplWinningPredictionApplication in 9.989 seconds (JVM running for 11.06)
2022-07-31 01:26:58 [main] INFO  c.m.i.repository.UserRepositoryTest - Starting UserRepositoryTest using Java 17.0.3 on DESKTOP-KAE53P5 with PID 15056 (started by hatik in E:\__PROJECTS__\Project_IPL\ipl_winning_prediction)
2022-07-31 01:26:58 [main] INFO  c.m.i.repository.UserRepositoryTest - No active profile set, falling back to 1 default profile: "default"
2022-07-31 01:27:02 [main] INFO  c.m.i.repository.UserRepositoryTest - Started UserRepositoryTest in 5.089 seconds (JVM running for 6.992)
2022-07-31 01:30:38 [main] INFO  c.m.i.r.PlayerRepositoryTest - Starting PlayerRepositoryTest using Java 17.0.3 on DESKTOP-KAE53P5 with PID 10508 (started by hatik in E:\__PROJECTS__\Project_IPL\ipl_winning_prediction)
2022-07-31 01:30:38 [main] INFO  c.m.i.r.PlayerRepositoryTest - No active profile set, falling back to 1 default profile: "default"
2022-07-31 01:30:43 [main] INFO  c.m.i.r.PlayerRepositoryTest - Started PlayerRepositoryTest in 5.313 seconds (JVM running for 7.227)
2022-07-31 01:31:12 [main] INFO  c.m.i.r.PlayerRepositoryTest - Starting PlayerRepositoryTest using Java 17.0.3 on DESKTOP-KAE53P5 with PID 4604 (started by hatik in E:\__PROJECTS__\Project_IPL\ipl_winning_prediction)
2022-07-31 01:31:12 [main] INFO  c.m.i.r.PlayerRepositoryTest - No active profile set, falling back to 1 default profile: "default"
2022-07-31 01:31:16 [main] INFO  c.m.i.r.PlayerRepositoryTest - Started PlayerRepositoryTest in 5.084 seconds (JVM running for 6.875)
2022-07-31 01:42:55 [main] INFO  c.m.i.repository.UserRepositoryTest - Starting UserRepositoryTest using Java 17.0.3 on DESKTOP-KAE53P5 with PID 10772 (started by hatik in E:\__PROJECTS__\Project_IPL\ipl_winning_prediction)
2022-07-31 01:42:55 [main] INFO  c.m.i.repository.UserRepositoryTest - No active profile set, falling back to 1 default profile: "default"
2022-07-31 01:42:58 [main] INFO  c.m.i.repository.UserRepositoryTest - Started UserRepositoryTest in 4.067 seconds (JVM running for 5.785)
2022-07-31 01:45:22 [main] INFO  c.m.i.repository.UserRepositoryTest - Starting UserRepositoryTest using Java 17.0.3 on DESKTOP-KAE53P5 with PID 21860 (started by hatik in E:\__PROJECTS__\Project_IPL\ipl_winning_prediction)
2022-07-31 01:45:22 [main] INFO  c.m.i.repository.UserRepositoryTest - No active profile set, falling back to 1 default profile: "default"
2022-07-31 01:45:25 [main] INFO  c.m.i.repository.UserRepositoryTest - Started UserRepositoryTest in 3.779 seconds (JVM running for 5.36)
2022-07-31 01:48:09 [main] INFO  c.m.i.repository.UserRepositoryTest - Starting UserRepositoryTest using Java 17.0.3 on DESKTOP-KAE53P5 with PID 12892 (started by hatik in E:\__PROJECTS__\Project_IPL\ipl_winning_prediction)
2022-07-31 01:48:09 [main] INFO  c.m.i.repository.UserRepositoryTest - No active profile set, falling back to 1 default profile: "default"
2022-07-31 01:48:12 [main] INFO  c.m.i.repository.UserRepositoryTest - Started UserRepositoryTest in 3.815 seconds (JVM running for 5.405)
2022-07-31 02:06:13 [main] INFO  c.m.i.repository.UserRepositoryTest - Starting UserRepositoryTest using Java 17.0.3 on DESKTOP-KAE53P5 with PID 9180 (started by hatik in E:\__PROJECTS__\Project_IPL\ipl_winning_prediction)
2022-07-31 02:06:13 [main] INFO  c.m.i.repository.UserRepositoryTest - No active profile set, falling back to 1 default profile: "default"
2022-07-31 02:06:16 [main] INFO  c.m.i.repository.UserRepositoryTest - Started UserRepositoryTest in 3.591 seconds (JVM running for 5.093)
2022-07-31 02:19:14 [main] INFO  c.m.i.repository.UserRepositoryTest - Starting UserRepositoryTest using Java 17.0.3 on DESKTOP-KAE53P5 with PID 10236 (started by hatik in E:\__PROJECTS__\Project_IPL\ipl_winning_prediction)
2022-07-31 02:19:14 [main] INFO  c.m.i.repository.UserRepositoryTest - No active profile set, falling back to 1 default profile: "default"
2022-07-31 02:19:17 [main] INFO  c.m.i.repository.UserRepositoryTest - Started UserRepositoryTest in 3.622 seconds (JVM running for 5.059)
2022-07-31 02:21:47 [main] INFO  c.m.i.repository.UserRepositoryTest - Starting UserRepositoryTest using Java 17.0.3 on DESKTOP-KAE53P5 with PID 10172 (started by hatik in E:\__PROJECTS__\Project_IPL\ipl_winning_prediction)
2022-07-31 02:21:47 [main] INFO  c.m.i.repository.UserRepositoryTest - No active profile set, falling back to 1 default profile: "default"
2022-07-31 02:21:50 [main] INFO  c.m.i.repository.UserRepositoryTest - Started UserRepositoryTest in 3.585 seconds (JVM running for 5.136)
2022-07-31 02:25:46 [main] INFO  c.m.i.repository.UserRepositoryTest - Starting UserRepositoryTest using Java 17.0.3 on DESKTOP-KAE53P5 with PID 21096 (started by hatik in E:\__PROJECTS__\Project_IPL\ipl_winning_prediction)
2022-07-31 02:25:46 [main] INFO  c.m.i.repository.UserRepositoryTest - No active profile set, falling back to 1 default profile: "default"
2022-07-31 02:25:49 [main] INFO  c.m.i.repository.UserRepositoryTest - Started UserRepositoryTest in 3.765 seconds (JVM running for 5.319)
2022-07-31 02:26:21 [main] INFO  c.m.i.repository.UserRepositoryTest - Starting UserRepositoryTest using Java 17.0.3 on DESKTOP-KAE53P5 with PID 18180 (started by hatik in E:\__PROJECTS__\Project_IPL\ipl_winning_prediction)
2022-07-31 02:26:21 [main] INFO  c.m.i.repository.UserRepositoryTest - No active profile set, falling back to 1 default profile: "default"
2022-07-31 02:26:24 [main] INFO  c.m.i.repository.UserRepositoryTest - Started UserRepositoryTest in 3.681 seconds (JVM running for 5.061)
2022-07-31 02:26:58 [main] INFO  c.m.i.repository.UserRepositoryTest - Starting UserRepositoryTest using Java 17.0.3 on DESKTOP-KAE53P5 with PID 17880 (started by hatik in E:\__PROJECTS__\Project_IPL\ipl_winning_prediction)
2022-07-31 02:26:58 [main] INFO  c.m.i.repository.UserRepositoryTest - No active profile set, falling back to 1 default profile: "default"
2022-07-31 02:27:01 [main] INFO  c.m.i.repository.UserRepositoryTest - Started UserRepositoryTest in 3.676 seconds (JVM running for 5.216)
2022-07-31 02:27:37 [main] INFO  c.m.i.repository.UserRepositoryTest - Starting UserRepositoryTest using Java 17.0.3 on DESKTOP-KAE53P5 with PID 20724 (started by hatik in E:\__PROJECTS__\Project_IPL\ipl_winning_prediction)
2022-07-31 02:27:37 [main] INFO  c.m.i.repository.UserRepositoryTest - No active profile set, falling back to 1 default profile: "default"
2022-07-31 02:27:40 [main] INFO  c.m.i.repository.UserRepositoryTest - Started UserRepositoryTest in 3.672 seconds (JVM running for 5.232)
2022-07-31 02:29:16 [main] INFO  c.m.i.repository.UserRepositoryTest - Starting UserRepositoryTest using Java 17.0.3 on DESKTOP-KAE53P5 with PID 17028 (started by hatik in E:\__PROJECTS__\Project_IPL\ipl_winning_prediction)
2022-07-31 02:29:16 [main] INFO  c.m.i.repository.UserRepositoryTest - No active profile set, falling back to 1 default profile: "default"
2022-07-31 02:29:19 [main] INFO  c.m.i.repository.UserRepositoryTest - Started UserRepositoryTest in 3.655 seconds (JVM running for 5.125)
2022-07-31 02:33:52 [main] INFO  c.m.i.repository.UserRepositoryTest - Starting UserRepositoryTest using Java 17.0.3 on DESKTOP-KAE53P5 with PID 14784 (started by hatik in E:\__PROJECTS__\Project_IPL\ipl_winning_prediction)
2022-07-31 02:33:52 [main] INFO  c.m.i.repository.UserRepositoryTest - No active profile set, falling back to 1 default profile: "default"
2022-07-31 02:33:56 [main] INFO  c.m.i.repository.UserRepositoryTest - Started UserRepositoryTest in 3.729 seconds (JVM running for 5.171)
2022-07-31 02:37:18 [main] INFO  c.m.i.repository.UserRepositoryTest - Starting UserRepositoryTest using Java 17.0.3 on DESKTOP-KAE53P5 with PID 18312 (started by hatik in E:\__PROJECTS__\Project_IPL\ipl_winning_prediction)
2022-07-31 02:37:18 [main] INFO  c.m.i.repository.UserRepositoryTest - No active profile set, falling back to 1 default profile: "default"
2022-07-31 02:37:21 [main] INFO  c.m.i.repository.UserRepositoryTest - Started UserRepositoryTest in 3.747 seconds (JVM running for 5.175)
2022-07-31 02:39:12 [main] INFO  c.m.i.repository.UserRepositoryTest - Starting UserRepositoryTest using Java 17.0.3 on DESKTOP-KAE53P5 with PID 2228 (started by hatik in E:\__PROJECTS__\Project_IPL\ipl_winning_prediction)
2022-07-31 02:39:12 [main] INFO  c.m.i.repository.UserRepositoryTest - No active profile set, falling back to 1 default profile: "default"
2022-07-31 02:39:15 [main] INFO  c.m.i.repository.UserRepositoryTest - Started UserRepositoryTest in 3.788 seconds (JVM running for 5.405)
2022-07-31 02:50:46 [main] INFO  c.m.i.repository.UserRepositoryTest - Starting UserRepositoryTest using Java 17.0.3 on DESKTOP-KAE53P5 with PID 9940 (started by hatik in E:\__PROJECTS__\Project_IPL\ipl_winning_prediction)
2022-07-31 02:50:46 [main] INFO  c.m.i.repository.UserRepositoryTest - No active profile set, falling back to 1 default profile: "default"
2022-07-31 02:50:49 [main] INFO  c.m.i.repository.UserRepositoryTest - Started UserRepositoryTest in 3.645 seconds (JVM running for 5.14)
2022-07-31 02:52:27 [main] INFO  c.m.i.repository.UserRepositoryTest - Starting UserRepositoryTest using Java 17.0.3 on DESKTOP-KAE53P5 with PID 18292 (started by hatik in E:\__PROJECTS__\Project_IPL\ipl_winning_prediction)
2022-07-31 02:52:27 [main] INFO  c.m.i.repository.UserRepositoryTest - No active profile set, falling back to 1 default profile: "default"
2022-07-31 02:52:30 [main] INFO  c.m.i.repository.UserRepositoryTest - Started UserRepositoryTest in 4.002 seconds (JVM running for 5.697)
2022-07-31 02:54:45 [main] INFO  c.m.i.repository.UserRepositoryTest - Starting UserRepositoryTest using Java 17.0.3 on DESKTOP-KAE53P5 with PID 18204 (started by hatik in E:\__PROJECTS__\Project_IPL\ipl_winning_prediction)
2022-07-31 02:54:45 [main] INFO  c.m.i.repository.UserRepositoryTest - No active profile set, falling back to 1 default profile: "default"
2022-07-31 02:54:48 [main] INFO  c.m.i.repository.UserRepositoryTest - Started UserRepositoryTest in 3.678 seconds (JVM running for 5.281)
2022-07-31 02:56:32 [main] INFO  c.m.i.repository.UserRepositoryTest - Starting UserRepositoryTest using Java 17.0.3 on DESKTOP-KAE53P5 with PID 6820 (started by hatik in E:\__PROJECTS__\Project_IPL\ipl_winning_prediction)
2022-07-31 02:56:32 [main] INFO  c.m.i.repository.UserRepositoryTest - No active profile set, falling back to 1 default profile: "default"
2022-07-31 02:56:36 [main] INFO  c.m.i.repository.UserRepositoryTest - Started UserRepositoryTest in 4.785 seconds (JVM running for 6.904)
2022-07-31 22:42:46 [main] INFO  c.m.i.repository.UserRepositoryTest - Starting UserRepositoryTest using Java 17.0.3 on DESKTOP-KAE53P5 with PID 3488 (started by hatik in E:\__PROJECTS__\Project_IPL\ipl_winning_prediction)
2022-07-31 22:42:46 [main] INFO  c.m.i.repository.UserRepositoryTest - No active profile set, falling back to 1 default profile: "default"
2022-07-31 22:42:50 [main] INFO  c.m.i.repository.UserRepositoryTest - Started UserRepositoryTest in 4.502 seconds (JVM running for 6.625)
2022-07-31 22:44:01 [main] INFO  c.m.i.repository.UserRepositoryTest - Starting UserRepositoryTest using Java 17.0.3 on DESKTOP-KAE53P5 with PID 21664 (started by hatik in E:\__PROJECTS__\Project_IPL\ipl_winning_prediction)
2022-07-31 22:44:01 [main] INFO  c.m.i.repository.UserRepositoryTest - No active profile set, falling back to 1 default profile: "default"
2022-07-31 22:44:06 [main] INFO  c.m.i.repository.UserRepositoryTest - Started UserRepositoryTest in 5.195 seconds (JVM running for 7.187)
2022-07-31 22:44:40 [main] INFO  c.m.i.repository.UserRepositoryTest - Starting UserRepositoryTest using Java 17.0.3 on DESKTOP-KAE53P5 with PID 8124 (started by hatik in E:\__PROJECTS__\Project_IPL\ipl_winning_prediction)
2022-07-31 22:44:40 [main] INFO  c.m.i.repository.UserRepositoryTest - No active profile set, falling back to 1 default profile: "default"
2022-07-31 22:44:44 [main] INFO  c.m.i.repository.UserRepositoryTest - Started UserRepositoryTest in 5.374 seconds (JVM running for 7.289)
2022-07-31 22:46:50 [main] INFO  c.m.i.repository.UserRepositoryTest - Starting UserRepositoryTest using Java 17.0.3 on DESKTOP-KAE53P5 with PID 9924 (started by hatik in E:\__PROJECTS__\Project_IPL\ipl_winning_prediction)
2022-07-31 22:46:50 [main] INFO  c.m.i.repository.UserRepositoryTest - No active profile set, falling back to 1 default profile: "default"
2022-07-31 22:46:54 [main] INFO  c.m.i.repository.UserRepositoryTest - Started UserRepositoryTest in 4.791 seconds (JVM running for 6.647)
2022-07-31 22:47:26 [main] INFO  c.m.i.repository.UserRepositoryTest - Starting UserRepositoryTest using Java 17.0.3 on DESKTOP-KAE53P5 with PID 2380 (started by hatik in E:\__PROJECTS__\Project_IPL\ipl_winning_prediction)
2022-07-31 22:47:26 [main] INFO  c.m.i.repository.UserRepositoryTest - No active profile set, falling back to 1 default profile: "default"
2022-07-31 22:47:30 [main] INFO  c.m.i.repository.UserRepositoryTest - Started UserRepositoryTest in 4.885 seconds (JVM running for 6.725)
2022-07-31 22:48:17 [main] INFO  c.m.i.repository.UserRepositoryTest - Starting UserRepositoryTest using Java 17.0.3 on DESKTOP-KAE53P5 with PID 4020 (started by hatik in E:\__PROJECTS__\Project_IPL\ipl_winning_prediction)
2022-07-31 22:48:17 [main] INFO  c.m.i.repository.UserRepositoryTest - No active profile set, falling back to 1 default profile: "default"
2022-07-31 22:48:22 [main] INFO  c.m.i.repository.UserRepositoryTest - Started UserRepositoryTest in 5.279 seconds (JVM running for 7.288)
2022-07-31 22:49:13 [main] INFO  c.m.i.repository.UserRepositoryTest - Starting UserRepositoryTest using Java 17.0.3 on DESKTOP-KAE53P5 with PID 23908 (started by hatik in E:\__PROJECTS__\Project_IPL\ipl_winning_prediction)
2022-07-31 22:49:13 [main] INFO  c.m.i.repository.UserRepositoryTest - No active profile set, falling back to 1 default profile: "default"
2022-07-31 22:49:18 [main] INFO  c.m.i.repository.UserRepositoryTest - Started UserRepositoryTest in 5.37 seconds (JVM running for 7.355)
2022-07-31 22:49:51 [main] INFO  c.m.i.repository.UserRepositoryTest - Starting UserRepositoryTest using Java 17.0.3 on DESKTOP-KAE53P5 with PID 13500 (started by hatik in E:\__PROJECTS__\Project_IPL\ipl_winning_prediction)
2022-07-31 22:49:51 [main] INFO  c.m.i.repository.UserRepositoryTest - No active profile set, falling back to 1 default profile: "default"
2022-07-31 22:49:55 [main] INFO  c.m.i.repository.UserRepositoryTest - Started UserRepositoryTest in 5.2 seconds (JVM running for 7.118)
